\BOOKMARK [1][-]{section.1}{Virtual Health Record and Data Integration}{}% 1
\BOOKMARK [2][-]{subsection.1.1}{Virtual health record and clinical decision support}{section.1}% 2
\BOOKMARK [2][-]{subsection.1.2}{Data heterogeneity and data integration}{section.1}% 3
\BOOKMARK [1][-]{section.2}{Peer-to-Peer and Grid Computing}{}% 4
\BOOKMARK [2][-]{subsection.2.1}{Generations of P2P networks; advantages and disadvantages}{section.2}% 5
\BOOKMARK [3][-]{subsubsection.2.1.1}{First generation: centralized architecture}{subsection.2.1}% 6
\BOOKMARK [3][-]{subsubsection.2.1.2}{Second generation: decentralized architecture and distributed hash tables}{subsection.2.1}% 7
\BOOKMARK [3][-]{subsubsection.2.1.3}{Third generation: anonymization and encryption}{subsection.2.1}% 8
\BOOKMARK [2][-]{subsection.2.2}{Multisite clinical trial with grid and P2P frameworks}{section.2}% 9
\BOOKMARK [3][-]{subsubsection.2.2.1}{Cross-Institutional Clinical Translation Research \(CICTR\)}{subsection.2.2}% 10
\BOOKMARK [3][-]{subsubsection.2.2.2}{The caGrid framework}{subsection.2.2}% 11
\BOOKMARK [3][-]{subsubsection.2.2.3}{Shared Pathology Informatics Network \(SPIN\)}{subsection.2.2}% 12
\BOOKMARK [1][-]{section.3}{Centralized vs. Distributed Computing}{}% 13
\BOOKMARK [2][-]{subsection.3.1}{Comparison of the two architectures}{section.3}% 14
\BOOKMARK [3][-]{subsubsection.3.1.1}{Security and authentication}{subsection.3.1}% 15
\BOOKMARK [3][-]{subsubsection.3.1.2}{Data replication}{subsection.3.1}% 16
\BOOKMARK [3][-]{subsubsection.3.1.3}{Data updating}{subsection.3.1}% 17
\BOOKMARK [3][-]{subsubsection.3.1.4}{Processing throughput and bottlenecks}{subsection.3.1}% 18
\BOOKMARK [1][-]{section.4}{Design an EHR}{}% 19
\BOOKMARK [2][-]{subsection.4.1}{A proposal for a national EHR}{section.4}% 20
\BOOKMARK [3][-]{subsubsection.4.1.1}{A model for medical record information}{subsection.4.1}% 21
\BOOKMARK [3][-]{subsubsection.4.1.2}{A method for secure communication of medical information}{subsection.4.1}% 22
\BOOKMARK [3][-]{subsubsection.4.1.3}{A network topology for linking health institutions}{subsection.4.1}% 23
\BOOKMARK [3][-]{subsubsection.4.1.4}{A method for secure storage of medical information}{subsection.4.1}% 24
\BOOKMARK [3][-]{subsubsection.4.1.5}{A method for searching for patients' medical information}{subsection.4.1}% 25
\BOOKMARK [2][-]{subsection.4.2}{Challenges and solutions for adoption and implementation}{section.4}% 26
